<?xml version="1.0" encoding="UTF-8"?>
<testsuite name="AccountNumberTest" tests="1" skipped="0" failures="0" errors="0" timestamp="2018-03-24T06:09:15" hostname="in-tejam.local" time="0.002">
  <properties/>
  <testcase name="checkingIfAccountNUmberIsInvalid" classname="AccountNumberTest" time="0.002"/>
  <system-out><![CDATA[]]></system-out>
  <system-err><![CDATA[]]></system-err>
</testsuite>
