<?xml version="1.0" encoding="UTF-8"?>
<testsuite name="AccountTest" tests="5" skipped="0" failures="0" errors="0" timestamp="2018-03-24T06:09:15" hostname="in-tejam.local" time="0.007">
  <properties/>
  <testcase name="credit" classname="AccountTest" time="0.004"/>
  <testcase name="getBal" classname="AccountTest" time="0.0"/>
  <testcase name="checkingIfFundsAreInsufficientForWithdrawl" classname="AccountTest" time="0.001"/>
  <testcase name="debit" classname="AccountTest" time="0.0"/>
  <testcase name="minimumBalanceCheckingForCreatingAccount" classname="AccountTest" time="0.0"/>
  <system-out><![CDATA[]]></system-out>
  <system-err><![CDATA[]]></system-err>
</testsuite>
